<?xml version="1.0" encoding="UTF-8"?>
<!-- Generated by org.testng.reporters.JUnitReportReporter -->
<testsuite hostname="WKWIN5404032" failures="0" tests="1" name="Project.Project.Demo" time="1.448" errors="0" timestamp="2021-11-13T21:29:16 IST" skipped="0">
  <testcase classname="Project.Project.Demo" name="start" time="1.448"/>
  <system-out/>
</testsuite> <!-- Project.Project.Demo -->
